<?xml version="1.0" encoding="UTF-8"?>
<!-- Generated by org.testng.reporters.JUnitReportReporter -->
<testsuite hostname="LAPTOP-SLPQU167" name="RSADataValidationProject.DataValidationDemo.DataValidationTest" tests="6" failures="0" timestamp="24 Jul 2021 16:27:05 GMT" time="1.219" errors="0">
  <testcase name="validateRadioOption1Text" time="0.100" classname="RSADataValidationProject.DataValidationDemo.DataValidationTest"/>
  <testcase name="isAutomationPracticePageLoaded" time="0.483" classname="RSADataValidationProject.DataValidationDemo.DataValidationTest"/>
  <testcase name="validateHeaderText" time="0.103" classname="RSADataValidationProject.DataValidationDemo.DataValidationTest"/>
  <testcase name="validateCheckBoxOption1Text" time="0.140" classname="RSADataValidationProject.DataValidationDemo.DataValidationTest"/>
  <testcase name="validateOpenWindowButtonText" time="0.208" classname="RSADataValidationProject.DataValidationDemo.DataValidationTest"/>
  <testcase name="validatePromotionText" time="0.185" classname="RSADataValidationProject.DataValidationDemo.DataValidationTest"/>
</testsuite> <!-- RSADataValidationProject.DataValidationDemo.DataValidationTest -->
